  asm+.cpp
D:\vsProj\asm+\asm+.cpp(68,19): warning C4834: удаление возвращаемого значения функции с атрибутом [[nodiscard]]
D:\visual\full\VC\Tools\MSVC\14.50.35717\include\xutility(4924,18): warning C4244: =: преобразование "wchar_t" в "char", возможна потеря данных
  (компиляция исходного файла "asm+.cpp")
      D:\visual\full\VC\Tools\MSVC\14.50.35717\include\xutility(4924,18):
      контекст создания экземпляра шаблона (сначала самый старый)
          D:\vsProj\asm+\asm+.cpp(326,41):
          выполняется компиляция ссылки на экземпляр шаблон функции "std::basic_string<char,std::char_traits<char>,std::allocator<char>>::basic_string<std::_String_iterator<std::_String_val<std::_Simple_types<_Elem>>>,0>(_Iter,_Iter,const _Alloc &)"
          with
          [
              _Elem=wchar_t,
              _Iter=std::_String_iterator<std::_String_val<std::_Simple_types<wchar_t>>>,
              _Alloc=std::allocator<char>
          ]
              D:\vsProj\asm+\asm+.cpp(326,41):
              см. первую ссылку на "std::basic_string<char,std::char_traits<char>,std::allocator<char>>::basic_string" в "executeLine"
          D:\visual\full\VC\Tools\MSVC\14.50.35717\include\xstring(862,17):
          выполняется компиляция ссылки на экземпляр шаблон функции "void std::basic_string<char,std::char_traits<char>,std::allocator<char>>::_Construct_from_iter<wchar_t*,wchar_t*,_Size_type>(_Iter,const _Sent,_Size)"
          with
          [
              _Size_type=unsigned __int64,
              _Iter=wchar_t *,
              _Sent=wchar_t *,
              _Size=unsigned __int64
          ]
          D:\visual\full\VC\Tools\MSVC\14.50.35717\include\xstring(1018,18):
          выполняется компиляция ссылки на экземпляр шаблон функции "_OutIt *std::_Copy_n_unchecked4<wchar_t*,_Size,char*>(_InIt,_SizeTy,_OutIt)"
          with
          [
              _OutIt=char *,
              _Size=unsigned __int64,
              _InIt=wchar_t *,
              _SizeTy=unsigned __int64
          ]
  
  asm+.vcxproj -> D:\vsProj\asm+\x64\Debug\asm+.exe
